app/build/intermediates/manifest_merge_blame_file/debug/processDebugMainManifest/manifest-merger-blame-debug-report.txt
1<?xml version="1.0" encoding="utf-8"?>
2<manifest xmlns:android="http://schemas.android.com/apk/res/android"
3    package="vn.hcmute.ktqt"
4    android:versionCode="1"
5    android:versionName="1.0" >
6
7    <uses-sdk
8        android:minSdkVersion="23"
9        android:targetSdkVersion="36" />
10
11    <!-- Allow app to access the internet for network requests -->
12    <uses-permission android:name="android.permission.INTERNET" />
12-->src/main/AndroidManifest.xml:6:5-67
12-->src/main/AndroidManifest.xml:6:22-64
13
14    <permission
14-->[androidx.core:core:1.16.0] AndroidManifest.xml:22:5-24:47
15        android:name="vn.hcmute.ktqt.DYNAMIC_RECEIVER_NOT_EXPORTED_PERMISSION"
15-->[androidx.core:core:1.16.0] AndroidManifest.xml:23:9-81
16        android:protectionLevel="signature" />
16-->[androidx.core:core:1.16.0] AndroidManifest.xml:24:9-44
17
18    <uses-permission android:name="vn.hcmute.ktqt.DYNAMIC_RECEIVER_NOT_EXPORTED_PERMISSION" />
18-->[androidx.core:core:1.16.0] AndroidManifest.xml:26:5-97
18-->[androidx.core:core:1.16.0] AndroidManifest.xml:26:22-94
19
20    <application
20-->src/main/AndroidManifest.xml:8:5-37:19
21        android:allowBackup="true"
21-->src/main/AndroidManifest.xml:9:9-35
22        android:appComponentFactory="androidx.core.app.CoreComponentFactory"
22-->[androidx.core:core:1.16.0] AndroidManifest.xml:28:18-86
23        android:dataExtractionRules="@xml/data_extraction_rules"
23-->src/main/AndroidManifest.xml:11:9-65
24        android:debuggable="true"
25        android:extractNativeLibs="false"
26        android:fullBackupContent="@xml/backup_rules"
26-->src/main/AndroidManifest.xml:12:9-54
27        android:icon="@drawable/ute"
27-->src/main/AndroidManifest.xml:13:9-37
28        android:label="@string/app_name"
28-->src/main/AndroidManifest.xml:14:9-41
29        android:roundIcon="@drawable/ute"
29-->src/main/AndroidManifest.xml:15:9-42
30        android:supportsRtl="true"
30-->src/main/AndroidManifest.xml:16:9-35
31        android:testOnly="true"
32        android:theme="@style/Theme.KTQT"
32-->src/main/AndroidManifest.xml:17:9-42
33        android:usesCleartextTraffic="true" >
33-->src/main/AndroidManifest.xml:10:9-44
34        <activity
34-->src/main/AndroidManifest.xml:18:9-20:39
35            android:name="vn.hcmute.ktqt.MainActivity"
35-->src/main/AndroidManifest.xml:19:13-41
36            android:exported="true" />
36-->src/main/AndroidManifest.xml:20:13-36
37        <activity
37-->src/main/AndroidManifest.xml:22:9-83
38            android:name="vn.hcmute.ktqt.ui.auth.LoginActivity"
38-->src/main/AndroidManifest.xml:22:19-56
39            android:exported="true" />
39-->src/main/AndroidManifest.xml:22:57-80
40        <activity
40-->src/main/AndroidManifest.xml:23:9-86
41            android:name="vn.hcmute.ktqt.ui.auth.RegisterActivity"
41-->src/main/AndroidManifest.xml:23:19-59
42            android:exported="true" />
42-->src/main/AndroidManifest.xml:23:60-83
43        <activity
43-->src/main/AndroidManifest.xml:24:9-93
44            android:name="vn.hcmute.ktqt.ui.auth.OtpVerificationActivity"
44-->src/main/AndroidManifest.xml:24:19-66
45            android:exported="true" />
45-->src/main/AndroidManifest.xml:24:67-90
46        <activity
46-->src/main/AndroidManifest.xml:25:9-91
47            android:name="vn.hcmute.ktqt.ui.auth.ResetPasswordActivity"
47-->src/main/AndroidManifest.xml:25:19-64
48            android:exported="true" />
48-->src/main/AndroidManifest.xml:25:65-88
49        <activity
49-->src/main/AndroidManifest.xml:26:9-77
50            android:name="vn.hcmute.ktqt.ProfileActivity"
50-->src/main/AndroidManifest.xml:26:19-50
51            android:exported="true" />
51-->src/main/AndroidManifest.xml:26:51-74
52        <activity
52-->src/main/AndroidManifest.xml:27:9-78
53            android:name="vn.hcmute.ktqt.SettingsActivity"
53-->src/main/AndroidManifest.xml:27:19-51
54            android:exported="true" />
54-->src/main/AndroidManifest.xml:27:52-75
55        <activity
55-->src/main/AndroidManifest.xml:28:9-76
56            android:name="vn.hcmute.ktqt.UpdateActivity"
56-->src/main/AndroidManifest.xml:28:19-49
57            android:exported="true" />
57-->src/main/AndroidManifest.xml:28:50-73
58        <activity
58-->src/main/AndroidManifest.xml:29:9-35:20
59            android:name="vn.hcmute.ktqt.ui.intro.IntroActivity"
59-->src/main/AndroidManifest.xml:29:19-57
60            android:exported="true" >
60-->src/main/AndroidManifest.xml:29:58-81
61            <intent-filter>
61-->src/main/AndroidManifest.xml:30:13-34:29
62                <action android:name="android.intent.action.MAIN" />
62-->src/main/AndroidManifest.xml:31:17-69
62-->src/main/AndroidManifest.xml:31:25-66
63
64                <category android:name="android.intent.category.LAUNCHER" />
64-->src/main/AndroidManifest.xml:33:17-77
64-->src/main/AndroidManifest.xml:33:27-74
65            </intent-filter>
66        </activity>
67
68        <provider
68-->[androidx.emoji2:emoji2:1.3.0] AndroidManifest.xml:24:9-32:20
69            android:name="androidx.startup.InitializationProvider"
69-->[androidx.emoji2:emoji2:1.3.0] AndroidManifest.xml:25:13-67
70            android:authorities="vn.hcmute.ktqt.androidx-startup"
70-->[androidx.emoji2:emoji2:1.3.0] AndroidManifest.xml:26:13-68
71            android:exported="false" >
71-->[androidx.emoji2:emoji2:1.3.0] AndroidManifest.xml:27:13-37
72            <meta-data
72-->[androidx.emoji2:emoji2:1.3.0] AndroidManifest.xml:29:13-31:52
73                android:name="androidx.emoji2.text.EmojiCompatInitializer"
73-->[androidx.emoji2:emoji2:1.3.0] AndroidManifest.xml:30:17-75
74                android:value="androidx.startup" />
74-->[androidx.emoji2:emoji2:1.3.0] AndroidManifest.xml:31:17-49
75            <meta-data
75-->[androidx.lifecycle:lifecycle-process:2.6.2] AndroidManifest.xml:29:13-31:52
76                android:name="androidx.lifecycle.ProcessLifecycleInitializer"
76-->[androidx.lifecycle:lifecycle-process:2.6.2] AndroidManifest.xml:30:17-78
77                android:value="androidx.startup" />
77-->[androidx.lifecycle:lifecycle-process:2.6.2] AndroidManifest.xml:31:17-49
78            <meta-data
78-->[androidx.profileinstaller:profileinstaller:1.4.0] AndroidManifest.xml:29:13-31:52
79                android:name="androidx.profileinstaller.ProfileInstallerInitializer"
79-->[androidx.profileinstaller:profileinstaller:1.4.0] AndroidManifest.xml:30:17-85
80                android:value="androidx.startup" />
80-->[androidx.profileinstaller:profileinstaller:1.4.0] AndroidManifest.xml:31:17-49
81        </provider>
82
83        <receiver
83-->[androidx.profileinstaller:profileinstaller:1.4.0] AndroidManifest.xml:34:9-52:20
84            android:name="androidx.profileinstaller.ProfileInstallReceiver"
84-->[androidx.profileinstaller:profileinstaller:1.4.0] AndroidManifest.xml:35:13-76
85            android:directBootAware="false"
85-->[androidx.profileinstaller:profileinstaller:1.4.0] AndroidManifest.xml:36:13-44
86            android:enabled="true"
86-->[androidx.profileinstaller:profileinstaller:1.4.0] AndroidManifest.xml:37:13-35
87            android:exported="true"
87-->[androidx.profileinstaller:profileinstaller:1.4.0] AndroidManifest.xml:38:13-36
88            android:permission="android.permission.DUMP" >
88-->[androidx.profileinstaller:profileinstaller:1.4.0] AndroidManifest.xml:39:13-57
89            <intent-filter>
89-->[androidx.profileinstaller:profileinstaller:1.4.0] AndroidManifest.xml:40:13-42:29
90                <action android:name="androidx.profileinstaller.action.INSTALL_PROFILE" />
90-->[androidx.profileinstaller:profileinstaller:1.4.0] AndroidManifest.xml:41:17-91
90-->[androidx.profileinstaller:profileinstaller:1.4.0] AndroidManifest.xml:41:25-88
91            </intent-filter>
92            <intent-filter>
92-->[androidx.profileinstaller:profileinstaller:1.4.0] AndroidManifest.xml:43:13-45:29
93                <action android:name="androidx.profileinstaller.action.SKIP_FILE" />
93-->[androidx.profileinstaller:profileinstaller:1.4.0] AndroidManifest.xml:44:17-85
93-->[androidx.profileinstaller:profileinstaller:1.4.0] AndroidManifest.xml:44:25-82
94            </intent-filter>
95            <intent-filter>
95-->[androidx.profileinstaller:profileinstaller:1.4.0] AndroidManifest.xml:46:13-48:29
96                <action android:name="androidx.profileinstaller.action.SAVE_PROFILE" />
96-->[androidx.profileinstaller:profileinstaller:1.4.0] AndroidManifest.xml:47:17-88
96-->[androidx.profileinstaller:profileinstaller:1.4.0] AndroidManifest.xml:47:25-85
97            </intent-filter>
98            <intent-filter>
98-->[androidx.profileinstaller:profileinstaller:1.4.0] AndroidManifest.xml:49:13-51:29
99                <action android:name="androidx.profileinstaller.action.BENCHMARK_OPERATION" />
99-->[androidx.profileinstaller:profileinstaller:1.4.0] AndroidManifest.xml:50:17-95
99-->[androidx.profileinstaller:profileinstaller:1.4.0] AndroidManifest.xml:50:25-92
100            </intent-filter>
101        </receiver>
102    </application>
103
104</manifest>